{"C:\\Users\\Abhishek\\Documents\\altcampus-learning\\advance-javascrpt\\TA-JS-advanced-dom-and-test-TJaaan\\block-BJaajc\\index.js": {"path":"C:\\Users\\Abhishek\\Documents\\altcampus-learning\\advance-javascrpt\\TA-JS-advanced-dom-and-test-TJaaan\\block-BJaajc\\index.js","statementMap":{"0":{"start":{"line":2,"column":2},"end":{"line":2,"column":38}},"1":{"start":{"line":5,"column":0},"end":{"line":5,"column":26}}},"fnMap":{"0":{"name":"fullName","decl":{"start":{"line":1,"column":9},"end":{"line":1,"column":17}},"loc":{"start":{"line":1,"column":39},"end":{"line":3,"column":1}},"line":1}},"branchMap":{},"s":{"0":0,"1":1},"f":{"0":0},"b":{},"_coverageSchema":"1a1c01bbd47fc00a2c39e90264f33305004495a9","hash":"05efb1611f39589c0bf204f3cdb03f2d88c85999"}
}
